<?xml version="1.0" encoding="UTF-8"?>
<!-- Generated by org.testng.reporters.JUnitReportReporter -->
<testsuite skipped="0" hostname="DESKTOP-I7JN1KJ" name="com.ibm.mobileassignment.DataDriven" tests="1" failures="0" timestamp="2021-01-06T11:15:30 IST" time="0.521" errors="0">
  <testcase name="getData" time="0.521" classname="com.ibm.mobileassignment.DataDriven"/>
</testsuite> <!-- com.ibm.mobileassignment.DataDriven -->
