<?xml version="1.0" encoding="UTF-8"?>
<!-- Generated by org.testng.reporters.JUnitReportReporter -->
<testsuite skipped="0" hostname="DESKTOP-I7JN1KJ" name="com.ibm.mobileassignment.NewTest" tests="1" failures="0" timestamp="2021-01-11T17:03:12 IST" time="22.589" errors="0">
  <testcase name="function" time="22.589" classname="com.ibm.mobileassignment.NewTest"/>
</testsuite> <!-- com.ibm.mobileassignment.NewTest -->
