<?xml version="1.0" encoding="UTF-8"?>
<!-- Generated by org.testng.reporters.JUnitReportReporter -->
<testsuite skipped="0" hostname="DESKTOP-I7JN1KJ" name="com.ibm.mobileassignment.AdvancedAssignment_Test" tests="1" failures="0" timestamp="2021-01-11T21:12:37 IST" time="66.870" errors="0">
  <testcase name="function" time="66.870" classname="com.ibm.mobileassignment.AdvancedAssignment_Test"/>
</testsuite> <!-- com.ibm.mobileassignment.AdvancedAssignment_Test -->
